These are the atoms
Atoms(symbols='TiZrO4TiZrO4', pbc=True, cell=[4.721, 5.7454, 5.014], tags=...)
These are the atoms
Atoms(symbols='ZrTiO4TiZrO4', pbc=True, cell=[4.721, 5.7454, 5.014], tags=...)
These are the atoms
Atoms(symbols='TiZrO4Ti2O4Zr2O4TiZrO4', pbc=True, cell=[[9.442, 5.7454, 5.014], [0.0, 5.7454, 5.014], [0.0, 0.0, 5.014]], tags=...)
These are the atoms
Atoms(symbols='Zr2Ti2O8ZrTi2ZrO8', pbc=True, cell=[[4.721, 5.7454, 5.014], [0.0, 11.4908, 5.014], [0.0, 0.0, 5.014]], tags=...)
These are the atoms
Atoms(symbols='Ti2ZrTiO8TiZr3O8', pbc=True, cell=[[4.721, 5.7454, 0.0], [0.0, 11.4908, 5.014], [0.0, 0.0, 5.014]], tags=...)
These are the atoms
Atoms(symbols='ZrTiO4Zr2O4TiZrO4Ti2O4', pbc=True, cell=[[9.442, 0.0, 5.014], [0.0, 5.7454, 5.014], [0.0, 0.0, 5.014]], tags=...)
These are the atoms
Atoms(symbols='TiZr2TiO8ZrTiZrTiO8', pbc=True, cell=[[4.721, 5.7454, 5.014], [0.0, 5.7454, 5.014], [0.0, 0.0, 10.028]], tags=...)
These are the atoms
Atoms(symbols='Ti2O4Zr2O4', pbc=True, cell=[[4.721, 5.7454, 5.014], [0.0, 5.7454, 5.014], [0.0, 0.0, 5.014]], tags=...)
These are the atoms
Atoms(symbols='TiZrTiZrO8ZrTi2ZrO8', pbc=True, cell=[[4.721, 5.7454, 0.0], [0.0, 11.4908, 10.028], [0.0, 0.0, 5.014]], tags=...)
These are the atoms
Atoms(symbols='TiZrO4Ti2O4Zr2O4TiZrO4', pbc=True, cell=[[9.442, 0.0, 5.014], [0.0, 5.7454, 5.014], [0.0, 0.0, 5.014]], tags=...)
These are the atoms
Atoms(symbols='TiZrO4TiZrO4', pbc=True, cell=[[4.722956981804113, -1.4590490624e-06, -0.0002108962755741], [-1.7680326957e-06, 5.617292928343559, 2.7615441562e-06], [-0.0002288554778521, 2.6339808149e-06, 5.126223523302735]], tags=..., calculator=SinglePointCalculator(...))
These are the atoms
Atoms(symbols='ZrTiO4TiZrO4', pbc=True, cell=[[4.869235881643715, 5.70941241008e-05, -0.0005142533534794], [6.46652637791e-05, 5.5105039540084775, -0.0001028086633063], [-0.0005382737263641, -9.42859278476e-05, 5.068581955663089]], tags=..., calculator=SinglePointCalculator(...))
These are the atoms
Atoms(symbols='TiZrO4Ti2O4Zr2O4TiZrO4', pbc=True, cell=[[10.061925650973885, 5.283576542024006, 5.15787502022263], [0.1553479323171558, 5.252051015521226, 4.921689351912063], [0.1327477196769931, -0.1545614975218814, 5.086281830675857]], tags=..., calculator=SinglePointCalculator(...))
These are the atoms
Atoms(symbols='Zr2Ti2O8ZrTi2ZrO8', pbc=True, cell=[[4.795467745498488, 5.4538778142031825, 5.039217233159539], [-0.0804253079226366, 10.907372848051773, 5.116218515976732], [-0.0805961834150213, 0.0002457150573972, 5.115688992505418]], tags=..., calculator=SinglePointCalculator(...))
These are the atoms
Atoms(symbols='Ti2ZrTiO8TiZr3O8', pbc=True, cell=[[4.863893216384663, 5.455599820854494, -0.0832579374228439], [-0.1680966985145562, 10.979999927985041, 5.239317385237999], [-0.1568306323574349, 0.0564820927249458, 5.1187618913956605]], tags=..., calculator=SinglePointCalculator(...))
These are the atoms
Atoms(symbols='ZrTiO4Zr2O4TiZrO4Ti2O4', pbc=True, cell=[[9.783160427032067, -0.1333042199657078, 5.03052695613262], [-0.042041420713871, 5.359521557347683, 4.96088227079743], [-0.0257061805841938, -0.1066387597969562, 5.07542611720825]], tags=..., calculator=SinglePointCalculator(...))
These are the atoms
Atoms(symbols='TiZr2TiO8ZrTiZrTiO8', pbc=True, cell=[[4.8776155851146825, 5.589133232799526, 5.153039217221313], [-0.0001279541176571, 5.589227371460337, 5.153053479284518], [-3.34710453631e-05, 0.1632657774334571, 10.127476184450892]], tags=..., calculator=SinglePointCalculator(...))
These are the atoms
Atoms(symbols='Ti2O4Zr2O4', pbc=True, cell=[[4.653696992678098, 5.324210752004459, 4.834884623490128], [-0.336173679254962, 5.3242602345515255, 5.140390739276251], [-0.3361152982789968, 0.0003444370581271, 5.139967789459833]], tags=..., calculator=SinglePointCalculator(...))
These are the atoms
Atoms(symbols='TiZrTiZrO8ZrTi2ZrO8', pbc=True, cell=[[4.874838138738144, 5.443156516202415, -0.0780197705401425], [-0.1678784365360395, 10.88658792312799, 10.25414228162555], [-0.0840095437878351, 0.0001903592280617, 5.126869597098746]], tags=..., calculator=SinglePointCalculator(...))
These are the atoms
Atoms(symbols='TiZrO4Ti2O4Zr2O4TiZrO4', pbc=True, cell=[[9.98001133400226, -0.0334474968414252, 5.392337905976628], [0.152867159363272, 5.4159115295213045, 5.080463121675114], [0.1602239724488296, -0.019342073119931, 5.101037245269113]], tags=..., calculator=SinglePointCalculator(...))
These are the atoms
Atoms(symbols='Ti4O8', pbc=True, cell=[4.721, 5.7454, 5.014], tags=...)
These are the atoms
Atoms(symbols='Ti4O8', pbc=True, cell=[4.8127, 5.857, 5.1086], tags=...)
These are the atoms
Atoms(symbols='Ti4O8', pbc=True, cell=[4.5835, 5.5781, 4.94], tags=...)
Minimum alpha is equal to
{'c0': -8.289426850615188, 'c2_d0000_0_00': -0.023999404287871957, 'c2_d0001_0_00': 0.026595838784814137, 'c2_d0002_0_00': 0.0067551209466074616}
These are the atoms
Atoms(symbols='O5488Ti1372Zr1372', pbc=True, cell=[[33.688900000000004, 0.0, 35.7602], [0.0, 81.998, 71.5204], [0.0, 0.0, 35.7602]], spacegroup_kinds=..., tags=..., calculator=Clease(...))
{'energy': -68228.51639232425, 'heat_capacity': 0.005181444730989683, 'energy_var': 1.7860088348388672, 'temperature': 2000, 'accept_rate': 0.7774628279883382, 'n_mc_steps': 1372000, 'Zr_conc': 0.16666666666666666, 'Ti_conc': 0.16666666666666666, 'O_conc': 0.6666666666666666, 'timestamp': '2023-05-13T18:11:51.539'}
